<?xml version="1.0" encoding="UTF-8"?>
<!-- Generated by org.testng.reporters.JUnitXMLReporter -->
<testsuite ignored="0" hostname="R_Yamini" failures="1" tests="3" name="Default test" time="83.957" errors="0" timestamp="2025-09-10T17:00:22 IST">
  <testcase classname="io.cucumber.testng.AbstractTestNGCucumberTests" name="runScenario" time="25.974"/>
  <testcase classname="io.cucumber.testng.AbstractTestNGCucumberTests" name="runScenario" time="24.505"/>
  <testcase classname="io.cucumber.testng.AbstractTestNGCucumberTests" name="runScenario" time="32.162">
    <failure type="java.lang.AssertionError" message="expected [true] but found [false]">
      <![CDATA[java.lang.AssertionError: expected [true] but found [false]
at org.testng.Assert.fail(Assert.java:111)
at org.testng.Assert.failNotEquals(Assert.java:1578)
at org.testng.Assert.assertTrue(Assert.java:57)
at org.testng.Assert.assertTrue(Assert.java:67)
at stepdefinitions.Landmark_Stepdef.the_previous_search_should_appear_in_search_history(Landmark_Stepdef.java:64)
at ✽.the previous search "Chennai" "Velachery" should appear in search history(file:///C:/Users/yamin/git/NOBROKER_TEST_APPLICATION/NOBROKER_TEST_APPLICATION/src/test/resources/features/landmark.feature:33)
]]>
    </failure>
  </testcase> <!-- runScenario -->
</testsuite> <!-- Default test -->
