<?xml version="1.0" encoding="UTF-8"?>
<testng-results ignored="0" total="2" passed="2" failed="0" skipped="0">
  <reporter-output>
  </reporter-output>
  <suite started-at="2025-09-10T10:16:36 IST" name="Default suite" finished-at="2025-09-10T10:17:28 IST" duration-ms="51389">
    <groups>
      <group name="cucumber">
        <method signature="AbstractTestNGCucumberTests.runScenario(io.cucumber.testng.PickleWrapper,io.cucumber.testng.FeatureWrapper)[pri:0, instance:runner.TestRunner_Plumbing_Service@3d34d211]" name="runScenario" class="io.cucumber.testng.AbstractTestNGCucumberTests"/>
      </group> <!-- cucumber -->
    </groups>
    <test started-at="2025-09-10T10:16:36 IST" name="Default test" finished-at="2025-09-10T10:17:28 IST" duration-ms="51389">
      <class name="runner.TestRunner_Plumbing_Service">
        <test-method is-config="true" signature="setUpClass(org.testng.ITestContext)[pri:0, instance:runner.TestRunner_Plumbing_Service@3d34d211]" started-at="2025-09-10T10:16:36 IST" name="setUpClass" finished-at="2025-09-10T10:16:37 IST" duration-ms="522" status="PASS">
          <params>
            <param index="0">
              <value>
                <![CDATA[org.testng.TestRunner@3443e476]]>
              </value>
            </param>
          </params>
          <reporter-output>
          </reporter-output>
        </test-method> <!-- setUpClass -->
        <test-method signature="runScenario(io.cucumber.testng.PickleWrapper,io.cucumber.testng.FeatureWrapper)[pri:0, instance:runner.TestRunner_Plumbing_Service@3d34d211]" started-at="2025-09-10T10:16:37 IST" name="runScenario" description="Runs Cucumber Scenarios" data-provider="scenarios" finished-at="2025-09-10T10:17:06 IST" duration-ms="29167" status="PASS">
          <params>
            <param index="0">
              <value>
                <![CDATA["View plumbing services page"]]>
              </value>
            </param>
            <param index="1">
              <value>
                <![CDATA["Plumbing Services Navigation"]]>
              </value>
            </param>
          </params>
          <reporter-output>
          </reporter-output>
        </test-method> <!-- runScenario -->
        <test-method signature="runScenario(io.cucumber.testng.PickleWrapper,io.cucumber.testng.FeatureWrapper)[pri:0, instance:runner.TestRunner_Plumbing_Service@3d34d211]" started-at="2025-09-10T10:17:06 IST" name="runScenario" description="Runs Cucumber Scenarios" data-provider="scenarios" finished-at="2025-09-10T10:17:27 IST" duration-ms="21353" status="PASS">
          <params>
            <param index="0">
              <value>
                <![CDATA["Navigate to a plumbing service booking page"]]>
              </value>
            </param>
            <param index="1">
              <value>
                <![CDATA["Plumbing Services Navigation"]]>
              </value>
            </param>
          </params>
          <reporter-output>
          </reporter-output>
        </test-method> <!-- runScenario -->
        <test-method is-config="true" signature="tearDownClass()[pri:0, instance:runner.TestRunner_Plumbing_Service@3d34d211]" started-at="2025-09-10T10:17:27 IST" name="tearDownClass" finished-at="2025-09-10T10:17:28 IST" duration-ms="312" status="PASS">
          <reporter-output>
          </reporter-output>
        </test-method> <!-- tearDownClass -->
      </class> <!-- runner.TestRunner_Plumbing_Service -->
    </test> <!-- Default test -->
  </suite> <!-- Default suite -->
</testng-results>
