<?xml version="1.0" encoding="UTF-8"?>
<testng-results ignored="0" total="22" passed="22" failed="0" skipped="0">
  <reporter-output>
  </reporter-output>
  <suite started-at="2025-09-12T09:48:35 IST" name="Default suite" finished-at="2025-09-12T09:55:10 IST" duration-ms="395419">
    <groups>
      <group name="cucumber">
        <method signature="AbstractTestNGCucumberTests.runScenario(io.cucumber.testng.PickleWrapper,io.cucumber.testng.FeatureWrapper)[pri:0, instance:runner.TestRunner@3d34d211]" name="runScenario" class="io.cucumber.testng.AbstractTestNGCucumberTests"/>
      </group> <!-- cucumber -->
    </groups>
    <test started-at="2025-09-12T09:48:35 IST" name="Default test" finished-at="2025-09-12T09:55:10 IST" duration-ms="395419">
      <class name="runner.TestRunner">
        <test-method is-config="true" signature="setUpClass(org.testng.ITestContext)[pri:0, instance:runner.TestRunner@3d34d211]" started-at="2025-09-12T09:48:35 IST" name="setUpClass" finished-at="2025-09-12T09:48:35 IST" duration-ms="614" status="PASS">
          <params>
            <param index="0">
              <value>
                <![CDATA[org.testng.TestRunner@74f92d14]]>
              </value>
            </param>
          </params>
          <reporter-output>
          </reporter-output>
        </test-method> <!-- setUpClass -->
        <test-method signature="runScenario(io.cucumber.testng.PickleWrapper,io.cucumber.testng.FeatureWrapper)[pri:0, instance:runner.TestRunner@3d34d211]" started-at="2025-09-12T09:48:35 IST" name="runScenario" description="Runs Cucumber Scenarios" data-provider="scenarios" finished-at="2025-09-12T09:49:04 IST" duration-ms="28895" status="PASS">
          <params>
            <param index="0">
              <value>
                <![CDATA["Login with valid credentials"]]>
              </value>
            </param>
            <param index="1">
              <value>
                <![CDATA["User Login"]]>
              </value>
            </param>
          </params>
          <reporter-output>
          </reporter-output>
        </test-method> <!-- runScenario -->
        <test-method signature="runScenario(io.cucumber.testng.PickleWrapper,io.cucumber.testng.FeatureWrapper)[pri:0, instance:runner.TestRunner@3d34d211]" started-at="2025-09-12T09:49:04 IST" name="runScenario" description="Runs Cucumber Scenarios" data-provider="scenarios" finished-at="2025-09-12T09:49:13 IST" duration-ms="8353" status="PASS">
          <params>
            <param index="0">
              <value>
                <![CDATA["Login with invalid mobile number"]]>
              </value>
            </param>
            <param index="1">
              <value>
                <![CDATA["User Login"]]>
              </value>
            </param>
          </params>
          <reporter-output>
          </reporter-output>
        </test-method> <!-- runScenario -->
        <test-method signature="runScenario(io.cucumber.testng.PickleWrapper,io.cucumber.testng.FeatureWrapper)[pri:0, instance:runner.TestRunner@3d34d211]" started-at="2025-09-12T09:49:13 IST" name="runScenario" description="Runs Cucumber Scenarios" data-provider="scenarios" finished-at="2025-09-12T09:49:23 IST" duration-ms="10034" status="PASS">
          <params>
            <param index="0">
              <value>
                <![CDATA["Login with invalid OTP"]]>
              </value>
            </param>
            <param index="1">
              <value>
                <![CDATA["User Login"]]>
              </value>
            </param>
          </params>
          <reporter-output>
          </reporter-output>
        </test-method> <!-- runScenario -->
        <test-method signature="runScenario(io.cucumber.testng.PickleWrapper,io.cucumber.testng.FeatureWrapper)[pri:0, instance:runner.TestRunner@3d34d211]" started-at="2025-09-12T09:49:23 IST" name="runScenario" description="Runs Cucumber Scenarios" data-provider="scenarios" finished-at="2025-09-12T09:50:17 IST" duration-ms="54662" status="PASS">
          <params>
            <param index="0">
              <value>
                <![CDATA["OTP Expiry and Resend"]]>
              </value>
            </param>
            <param index="1">
              <value>
                <![CDATA["User Login"]]>
              </value>
            </param>
          </params>
          <reporter-output>
          </reporter-output>
        </test-method> <!-- runScenario -->
        <test-method signature="runScenario(io.cucumber.testng.PickleWrapper,io.cucumber.testng.FeatureWrapper)[pri:0, instance:runner.TestRunner@3d34d211]" started-at="2025-09-12T09:50:17 IST" name="runScenario" description="Runs Cucumber Scenarios" data-provider="scenarios" finished-at="2025-09-12T09:50:33 IST" duration-ms="16205" status="PASS">
          <params>
            <param index="0">
              <value>
                <![CDATA["Navigate to Interiors -> Renovation blogs"]]>
              </value>
            </param>
            <param index="1">
              <value>
                <![CDATA["Blog Navigation"]]>
              </value>
            </param>
          </params>
          <reporter-output>
          </reporter-output>
        </test-method> <!-- runScenario -->
        <test-method signature="runScenario(io.cucumber.testng.PickleWrapper,io.cucumber.testng.FeatureWrapper)[pri:0, instance:runner.TestRunner@3d34d211]" started-at="2025-09-12T09:50:33 IST" name="runScenario" description="Runs Cucumber Scenarios" data-provider="scenarios" finished-at="2025-09-12T09:50:42 IST" duration-ms="8484" status="PASS">
          <params>
            <param index="0">
              <value>
                <![CDATA["User logs in and views carpentry services"]]>
              </value>
            </param>
            <param index="1">
              <value>
                <![CDATA["Access Carpentry Services"]]>
              </value>
            </param>
          </params>
          <reporter-output>
          </reporter-output>
        </test-method> <!-- runScenario -->
        <test-method signature="runScenario(io.cucumber.testng.PickleWrapper,io.cucumber.testng.FeatureWrapper)[pri:0, instance:runner.TestRunner@3d34d211]" started-at="2025-09-12T09:50:42 IST" name="runScenario" description="Runs Cucumber Scenarios" data-provider="scenarios" finished-at="2025-09-12T09:50:53 IST" duration-ms="11097" status="PASS">
          <params>
            <param index="0">
              <value>
                <![CDATA["User selects a carpentry service after login"]]>
              </value>
            </param>
            <param index="1">
              <value>
                <![CDATA["Access Carpentry Services"]]>
              </value>
            </param>
          </params>
          <reporter-output>
          </reporter-output>
        </test-method> <!-- runScenario -->
        <test-method signature="runScenario(io.cucumber.testng.PickleWrapper,io.cucumber.testng.FeatureWrapper)[pri:0, instance:runner.TestRunner@3d34d211]" started-at="2025-09-12T09:50:53 IST" name="runScenario" description="Runs Cucumber Scenarios" data-provider="scenarios" finished-at="2025-09-12T09:51:09 IST" duration-ms="15747" status="PASS">
          <params>
            <param index="0">
              <value>
                <![CDATA["Open Help Center and raise a complaint"]]>
              </value>
            </param>
            <param index="1">
              <value>
                <![CDATA["NoBroker Help Center Complaint Flow"]]>
              </value>
            </param>
          </params>
          <reporter-output>
          </reporter-output>
        </test-method> <!-- runScenario -->
        <test-method signature="runScenario(io.cucumber.testng.PickleWrapper,io.cucumber.testng.FeatureWrapper)[pri:0, instance:runner.TestRunner@3d34d211]" started-at="2025-09-12T09:51:09 IST" name="runScenario" description="Runs Cucumber Scenarios" data-provider="scenarios" finished-at="2025-09-12T09:51:17 IST" duration-ms="8484" status="PASS">
          <params>
            <param index="0">
              <value>
                <![CDATA["Navigate to Full House Cleaning and close website"]]>
              </value>
            </param>
            <param index="1">
              <value>
                <![CDATA["Home cleaning service"]]>
              </value>
            </param>
          </params>
          <reporter-output>
          </reporter-output>
        </test-method> <!-- runScenario -->
        <test-method signature="runScenario(io.cucumber.testng.PickleWrapper,io.cucumber.testng.FeatureWrapper)[pri:0, instance:runner.TestRunner@3d34d211]" started-at="2025-09-12T09:51:17 IST" name="runScenario" description="Runs Cucumber Scenarios" data-provider="scenarios" finished-at="2025-09-12T09:51:27 IST" duration-ms="9398" status="PASS">
          <params>
            <param index="0">
              <value>
                <![CDATA["Navigate to Furnished Villa under Cleaning Services"]]>
              </value>
            </param>
            <param index="1">
              <value>
                <![CDATA["Home cleaning service"]]>
              </value>
            </param>
          </params>
          <reporter-output>
          </reporter-output>
        </test-method> <!-- runScenario -->
        <test-method signature="runScenario(io.cucumber.testng.PickleWrapper,io.cucumber.testng.FeatureWrapper)[pri:0, instance:runner.TestRunner@3d34d211]" started-at="2025-09-12T09:51:27 IST" name="runScenario" description="Runs Cucumber Scenarios" data-provider="scenarios" finished-at="2025-09-12T09:51:44 IST" duration-ms="17367" status="PASS">
          <params>
            <param index="0">
              <value>
                <![CDATA["User logs in and selects Hindi language from dropdown"]]>
              </value>
            </param>
            <param index="1">
              <value>
                <![CDATA["Language selection from Blogs menu"]]>
              </value>
            </param>
          </params>
          <reporter-output>
          </reporter-output>
        </test-method> <!-- runScenario -->
        <test-method signature="runScenario(io.cucumber.testng.PickleWrapper,io.cucumber.testng.FeatureWrapper)[pri:0, instance:runner.TestRunner@3d34d211]" started-at="2025-09-12T09:51:44 IST" name="runScenario" description="Runs Cucumber Scenarios" data-provider="scenarios" finished-at="2025-09-12T09:51:53 IST" duration-ms="9201" status="PASS">
          <params>
            <param index="0">
              <value>
                <![CDATA["Navigate to Painting service"]]>
              </value>
            </param>
            <param index="1">
              <value>
                <![CDATA["Painting & Cleaning Services"]]>
              </value>
            </param>
          </params>
          <reporter-output>
          </reporter-output>
        </test-method> <!-- runScenario -->
        <test-method signature="runScenario(io.cucumber.testng.PickleWrapper,io.cucumber.testng.FeatureWrapper)[pri:0, instance:runner.TestRunner@3d34d211]" started-at="2025-09-12T09:51:53 IST" name="runScenario" description="Runs Cucumber Scenarios" data-provider="scenarios" finished-at="2025-09-12T09:52:04 IST" duration-ms="10448" status="PASS">
          <params>
            <param index="0">
              <value>
                <![CDATA["Navigate to Waterproofing service"]]>
              </value>
            </param>
            <param index="1">
              <value>
                <![CDATA["Painting & Cleaning Services"]]>
              </value>
            </param>
          </params>
          <reporter-output>
          </reporter-output>
        </test-method> <!-- runScenario -->
        <test-method signature="runScenario(io.cucumber.testng.PickleWrapper,io.cucumber.testng.FeatureWrapper)[pri:0, instance:runner.TestRunner@3d34d211]" started-at="2025-09-12T09:52:04 IST" name="runScenario" description="Runs Cucumber Scenarios" data-provider="scenarios" finished-at="2025-09-12T09:52:13 IST" duration-ms="9601" status="PASS">
          <params>
            <param index="0">
              <value>
                <![CDATA["Navigate to Painting service and view recent projects"]]>
              </value>
            </param>
            <param index="1">
              <value>
                <![CDATA["Painting Service Navigation"]]>
              </value>
            </param>
          </params>
          <reporter-output>
          </reporter-output>
        </test-method> <!-- runScenario -->
        <test-method signature="runScenario(io.cucumber.testng.PickleWrapper,io.cucumber.testng.FeatureWrapper)[pri:0, instance:runner.TestRunner@3d34d211]" started-at="2025-09-12T09:52:13 IST" name="runScenario" description="Runs Cucumber Scenarios" data-provider="scenarios" finished-at="2025-09-12T09:52:38 IST" duration-ms="24934" status="PASS">
          <params>
            <param index="0">
              <value>
                <![CDATA["User cancels the payment after subscribing to Freedom Plan"]]>
              </value>
            </param>
            <param index="1">
              <value>
                <![CDATA["Cancel Payment after Selecting Freedom Plan"]]>
              </value>
            </param>
          </params>
          <reporter-output>
          </reporter-output>
        </test-method> <!-- runScenario -->
        <test-method signature="runScenario(io.cucumber.testng.PickleWrapper,io.cucumber.testng.FeatureWrapper)[pri:0, instance:runner.TestRunner@3d34d211]" started-at="2025-09-12T09:52:38 IST" name="runScenario" description="Runs Cucumber Scenarios" data-provider="scenarios" finished-at="2025-09-12T09:52:50 IST" duration-ms="11831" status="PASS">
          <params>
            <param index="0">
              <value>
                <![CDATA["View plumbing services page"]]>
              </value>
            </param>
            <param index="1">
              <value>
                <![CDATA["Plumbing Services Navigation"]]>
              </value>
            </param>
          </params>
          <reporter-output>
          </reporter-output>
        </test-method> <!-- runScenario -->
        <test-method signature="runScenario(io.cucumber.testng.PickleWrapper,io.cucumber.testng.FeatureWrapper)[pri:0, instance:runner.TestRunner@3d34d211]" started-at="2025-09-12T09:52:50 IST" name="runScenario" description="Runs Cucumber Scenarios" data-provider="scenarios" finished-at="2025-09-12T09:52:59 IST" duration-ms="9433" status="PASS">
          <params>
            <param index="0">
              <value>
                <![CDATA["Navigate to a plumbing service booking page"]]>
              </value>
            </param>
            <param index="1">
              <value>
                <![CDATA["Plumbing Services Navigation @Scenario2"]]>
              </value>
            </param>
          </params>
          <reporter-output>
          </reporter-output>
        </test-method> <!-- runScenario -->
        <test-method signature="runScenario(io.cucumber.testng.PickleWrapper,io.cucumber.testng.FeatureWrapper)[pri:0, instance:runner.TestRunner@3d34d211]" started-at="2025-09-12T09:52:59 IST" name="runScenario" description="Runs Cucumber Scenarios" data-provider="scenarios" finished-at="2025-09-12T09:53:08 IST" duration-ms="8581" status="PASS">
          <params>
            <param index="0">
              <value>
                <![CDATA["Navigate through Home Renovation services"]]>
              </value>
            </param>
            <param index="1">
              <value>
                <![CDATA["Home Renovation Services Navigation"]]>
              </value>
            </param>
          </params>
          <reporter-output>
          </reporter-output>
        </test-method> <!-- runScenario -->
        <test-method signature="runScenario(io.cucumber.testng.PickleWrapper,io.cucumber.testng.FeatureWrapper)[pri:0, instance:runner.TestRunner@3d34d211]" started-at="2025-09-12T09:53:08 IST" name="runScenario" description="Runs Cucumber Scenarios" data-provider="scenarios" finished-at="2025-09-12T09:53:45 IST" duration-ms="36505" status="PASS">
          <params>
            <param index="0">
              <value>
                <![CDATA["Sales Agreement after login"]]>
              </value>
            </param>
            <param index="1">
              <value>
                <![CDATA["Sales agreement Purchase"]]>
              </value>
            </param>
          </params>
          <reporter-output>
          </reporter-output>
        </test-method> <!-- runScenario -->
        <test-method signature="runScenario(io.cucumber.testng.PickleWrapper,io.cucumber.testng.FeatureWrapper)[pri:0, instance:runner.TestRunner@3d34d211]" started-at="2025-09-12T09:53:45 IST" name="runScenario" description="Runs Cucumber Scenarios" data-provider="scenarios" finished-at="2025-09-12T09:54:26 IST" duration-ms="41882" status="PASS">
          <params>
            <param index="0">
              <value>
                <![CDATA["Sales Agreement Payment Cancel"]]>
              </value>
            </param>
            <param index="1">
              <value>
                <![CDATA["Sales agreement Purchase"]]>
              </value>
            </param>
          </params>
          <reporter-output>
          </reporter-output>
        </test-method> <!-- runScenario -->
        <test-method signature="runScenario(io.cucumber.testng.PickleWrapper,io.cucumber.testng.FeatureWrapper)[pri:0, instance:runner.TestRunner@3d34d211]" started-at="2025-09-12T09:54:26 IST" name="runScenario" description="Runs Cucumber Scenarios" data-provider="scenarios" finished-at="2025-09-12T09:54:48 IST" duration-ms="21156" status="PASS">
          <params>
            <param index="0">
              <value>
                <![CDATA["User opens Freedom Plan"]]>
              </value>
            </param>
            <param index="1">
              <value>
                <![CDATA["Tenant Plan Subscription"]]>
              </value>
            </param>
          </params>
          <reporter-output>
          </reporter-output>
        </test-method> <!-- runScenario -->
        <test-method signature="runScenario(io.cucumber.testng.PickleWrapper,io.cucumber.testng.FeatureWrapper)[pri:0, instance:runner.TestRunner@3d34d211]" started-at="2025-09-12T09:54:48 IST" name="runScenario" description="Runs Cucumber Scenarios" data-provider="scenarios" finished-at="2025-09-12T09:55:10 IST" duration-ms="22126" status="PASS">
          <params>
            <param index="0">
              <value>
                <![CDATA["Navigate to VIP Membership and Explore Offers"]]>
              </value>
            </param>
            <param index="1">
              <value>
                <![CDATA["VIP Membership Plans"]]>
              </value>
            </param>
          </params>
          <reporter-output>
          </reporter-output>
        </test-method> <!-- runScenario -->
        <test-method is-config="true" signature="tearDownClass()[pri:0, instance:runner.TestRunner@3d34d211]" started-at="2025-09-12T09:55:10 IST" name="tearDownClass" finished-at="2025-09-12T09:55:10 IST" duration-ms="333" status="PASS">
          <reporter-output>
          </reporter-output>
        </test-method> <!-- tearDownClass -->
      </class> <!-- runner.TestRunner -->
    </test> <!-- Default test -->
  </suite> <!-- Default suite -->
</testng-results>
