<?xml version="1.0" encoding="UTF-8"?>
<!-- Generated by org.testng.reporters.JUnitReportReporter -->
<testsuite hostname="R_Yamini" failures="1" tests="3" name="runner.TestRunner_Landmark" time="81.250" errors="0" timestamp="2025-09-10T14:22:58 IST" skipped="0">
  <testcase classname="runner.TestRunner_Landmark" name="runScenario" time="30.102">
    <failure message="expected [true] but found [false]" type="java.lang.AssertionError">
      <![CDATA[java.lang.AssertionError: expected [true] but found [false]
at org.testng.Assert.fail(Assert.java:111)
at org.testng.Assert.failNotEquals(Assert.java:1578)
at org.testng.Assert.assertTrue(Assert.java:57)
at org.testng.Assert.assertTrue(Assert.java:67)
at stepdefinitions.Landmark_Stepdef.the_previous_search_should_appear_in_search_history(Landmark_Stepdef.java:64)
at ✽.the previous search "Chennai" "Velachery" should appear in search history(file:///C:/Users/yamin/git/NOBROKER_TEST_APPLICATION/NOBROKER_TEST_APPLICATION/src/test/resources/features/landmark.feature:33)
]]>
    </failure>
  </testcase> <!-- runScenario -->
  <testcase classname="runner.TestRunner_Landmark" name="runScenario" time="21.379"/>
  <testcase classname="runner.TestRunner_Landmark" name="runScenario" time="29.769"/>
</testsuite> <!-- runner.TestRunner_Landmark -->
