<?xml version="1.0" encoding="UTF-8"?>
<!-- Generated by org.testng.reporters.JUnitReportReporter -->
<testsuite hostname="R_Yamini" failures="1" tests="3" name="runner.TestRunner_Landmark" time="74.202" errors="0" timestamp="2025-09-09T11:20:10 IST" skipped="0">
  <testcase classname="runner.TestRunner_Landmark" name="runScenario" time="20.416"/>
  <testcase classname="runner.TestRunner_Landmark" name="runScenario" time="24.163"/>
  <testcase classname="runner.TestRunner_Landmark" name="runScenario" time="29.623">
    <failure message="expected [true] but found [false]" type="java.lang.AssertionError">
      <![CDATA[java.lang.AssertionError: expected [true] but found [false]
at org.testng.Assert.fail(Assert.java:111)
at org.testng.Assert.failNotEquals(Assert.java:1578)
at org.testng.Assert.assertTrue(Assert.java:57)
at org.testng.Assert.assertTrue(Assert.java:67)
at stepdefinitions.LandMark_StepDef.the_user_should_be_redirected_to_the_rent_page(LandMark_StepDef.java:56)
at ✽.the user should be redirected to the Rent Page(file:///C:/TESTING%20PROJECT/NOBROKER_TEST_APP/src/test/resources/features/landmark.feature:32)
]]>
    </failure>
  </testcase> <!-- runScenario -->
</testsuite> <!-- runner.TestRunner_Landmark -->
